<?xml version="1.0" encoding="UTF-8"?>
<!-- Generated by org.testng.reporters.JUnitReportReporter -->
<testsuite hostname="DESKTOP-1TTDB2G" failures="0" tests="2" name="com.neotech.lesson02.Homework1" time="6.930" errors="0" timestamp="2021-10-11T02:06:05 EDT" skipped="0">
  <testcase classname="com.neotech.lesson02.Homework1" name="loginValidation" time="3.725"/>
  <system-out/>
  <testcase classname="com.neotech.lesson02.Homework1" name="negativeLoginTest" time="3.205"/>
  <system-out/>
</testsuite> <!-- com.neotech.lesson02.Homework1 -->
