<?xml version="1.0" encoding="UTF-8"?>
<!-- Generated by org.testng.reporters.JUnitReportReporter -->
<testsuite hostname="DESKTOP-1TTDB2G" failures="0" tests="3" name="com.neotech.test.LoginTest" time="21.962" errors="0" timestamp="2021-10-11T21:39:06 EDT" skipped="0">
  <testcase classname="com.neotech.test.LoginTest" name="emptyPasswordLogin" time="5.946"/>
  <system-out/>
  <testcase classname="com.neotech.test.LoginTest" name="validLogin" time="7.760"/>
  <system-out/>
  <testcase classname="com.neotech.test.LoginTest" name="invalidPasswordLogin" time="8.256"/>
  <system-out/>
</testsuite> <!-- com.neotech.test.LoginTest -->
