<?xml version="1.0" encoding="UTF-8"?>
<!-- Generated by org.testng.reporters.JUnitReportReporter -->
<testsuite hostname="DESKTOP-1TTDB2G" failures="0" tests="3" name="com.neotech.lesson03.DataProviderDemo" time="13.148" errors="0" timestamp="2021-10-05T21:15:18 EDT" skipped="0">
  <testcase classname="com.neotech.lesson03.DataProviderDemo" name="LoginFunctionality" time="4.683"/>
  <system-out/>
  <testcase classname="com.neotech.lesson03.DataProviderDemo" name="LoginFunctionality" time="3.812"/>
  <system-out/>
  <testcase classname="com.neotech.lesson03.DataProviderDemo" name="LoginFunctionality" time="4.653"/>
  <system-out/>
</testsuite> <!-- com.neotech.lesson03.DataProviderDemo -->
