<?xml version="1.0" encoding="UTF-8"?>
<!-- Generated by org.testng.reporters.JUnitReportReporter -->
<testsuite hostname="DESKTOP-1TTDB2G" failures="0" tests="4" name="com.neotech.lesson02.EnableAndDisable" time="0.011" errors="0" timestamp="2021-10-04T17:37:23 EDT" skipped="2">
  <testcase classname="com.neotech.lesson02.EnableAndDisable" name="secondTest" time="0.010"/>
  <system-out/>
  <testcase classname="com.neotech.lesson02.EnableAndDisable" name="fourthTest" time="0.001"/>
  <system-out/>
  <testcase classname="com.neotech.lesson02.EnableAndDisable" name="thirdTest">
    <skipped/>
  </testcase> <!-- thirdTest -->
  <system-out/>
  <testcase classname="com.neotech.lesson02.EnableAndDisable" name="firstTest">
    <skipped/>
  </testcase> <!-- firstTest -->
  <system-out/>
</testsuite> <!-- com.neotech.lesson02.EnableAndDisable -->
