<?xml version="1.0" encoding="UTF-8"?>
<!-- Generated by org.testng.reporters.JUnitReportReporter -->
<testsuite hostname="DESKTOP-1TTDB2G" failures="0" tests="3" name="com.neotech.lesson03.Homework_Lesson03" time="23.873" errors="0" timestamp="2021-10-11T01:52:51 EDT" skipped="0">
  <testcase classname="com.neotech.lesson03.Homework_Lesson03" name="addEmployee" time="7.598"/>
  <system-out/>
  <testcase classname="com.neotech.lesson03.Homework_Lesson03" name="addEmployee" time="8.366"/>
  <system-out/>
  <testcase classname="com.neotech.lesson03.Homework_Lesson03" name="addEmployee" time="7.909"/>
  <system-out/>
</testsuite> <!-- com.neotech.lesson03.Homework_Lesson03 -->
