<?xml version="1.0" encoding="UTF-8"?>
<!-- Generated by org.testng.reporters.JUnitReportReporter -->
<testsuite hostname="DESKTOP-1TTDB2G" failures="0" tests="3" name="com.neotech.lesson01.TestNGAnnotations" time="0.005" errors="0" timestamp="2021-10-03T14:44:50 EDT" skipped="0">
  <testcase classname="com.neotech.lesson01.TestNGAnnotations" name="test2" time="0.002"/>
  <system-out/>
  <testcase classname="com.neotech.lesson01.TestNGAnnotations" name="test3" time="0.001"/>
  <system-out/>
  <testcase classname="com.neotech.lesson01.TestNGAnnotations" name="test1" time="0.002"/>
  <system-out/>
</testsuite> <!-- com.neotech.lesson01.TestNGAnnotations -->
