<?xml version="1.0" encoding="UTF-8"?>
<!-- Generated by org.testng.reporters.JUnitReportReporter -->
<testsuite hostname="DESKTOP-1TTDB2G" failures="0" tests="1" name="com.neotech.lesson01.Homework1" time="4.369" errors="0" timestamp="2021-10-04T17:46:48 EDT" skipped="0">
  <testcase classname="com.neotech.lesson01.Homework1" name="negativeLoginTest" time="4.369"/>
  <system-out/>
</testsuite> <!-- com.neotech.lesson01.Homework1 -->
