<?xml version="1.0" encoding="UTF-8"?>
<!-- Generated by org.testng.reporters.JUnitReportReporter -->
<testsuite hostname="DESKTOP-1TTDB2G" failures="0" tests="5" name="com.neotech.lesson02.Hw1_Lesson2" time="0.009" errors="0" timestamp="2021-10-11T02:26:42 EDT" skipped="1">
  <testcase classname="com.neotech.lesson02.Hw1_Lesson2" name="fourthMethod" time="0.008"/>
  <system-out/>
  <testcase classname="com.neotech.lesson02.Hw1_Lesson2" name="thirdMethod" time="0.000"/>
  <system-out/>
  <testcase classname="com.neotech.lesson02.Hw1_Lesson2" name="secondMethod" time="0.000"/>
  <system-out/>
  <testcase classname="com.neotech.lesson02.Hw1_Lesson2" name="firstMethod" time="0.001"/>
  <system-out/>
  <testcase classname="com.neotech.lesson02.Hw1_Lesson2" name="firstMethod1">
    <skipped/>
  </testcase> <!-- firstMethod1 -->
  <system-out/>
</testsuite> <!-- com.neotech.lesson02.Hw1_Lesson2 -->
