<?xml version="1.0" encoding="UTF-8"?>
<!-- Generated by org.testng.reporters.JUnitReportReporter -->
<testsuite hostname="DESKTOP-1TTDB2G" failures="0" tests="3" name="com.neotech.lesson03.AddEmployee" time="23.578" errors="0" timestamp="2021-10-05T21:31:22 EDT" skipped="0">
  <testcase classname="com.neotech.lesson03.AddEmployee" name="addEmployee" time="8.249"/>
  <system-out/>
  <testcase classname="com.neotech.lesson03.AddEmployee" name="addEmployee" time="7.785"/>
  <system-out/>
  <testcase classname="com.neotech.lesson03.AddEmployee" name="addEmployee" time="7.544"/>
  <system-out/>
</testsuite> <!-- com.neotech.lesson03.AddEmployee -->
